2024-08-14 15:49:26,552 - INFO - Starting the program
2024-08-14 15:49:26,556 - INFO - Configuration loaded
2024-08-14 15:49:26,563 - INFO - Loaded 2499 users from file
2024-08-14 15:49:26,565 - INFO - Starting from index 100
2024-08-14 15:49:26,568 - CRITICAL - Critical error occurred: unable to open database file
2024-08-14 15:49:26,569 - INFO - Program execution ended
2024-08-14 15:55:50,725 - INFO - Starting the program
2024-08-14 15:55:50,728 - INFO - Configuration loaded
2024-08-14 15:55:50,732 - INFO - Loaded 2499 users from file
2024-08-14 15:55:50,733 - INFO - Starting from index 100
2024-08-14 15:55:50,738 - CRITICAL - Critical error occurred: unable to open database file
2024-08-14 15:55:50,738 - INFO - Program execution ended
2024-08-14 15:56:08,031 - INFO - Starting the program
2024-08-14 15:56:08,035 - INFO - Configuration loaded
2024-08-14 15:56:08,036 - INFO - Loaded 2499 users from file
2024-08-14 15:56:08,037 - INFO - Starting from index 100
2024-08-14 15:56:08,039 - CRITICAL - Critical error occurred: unable to open database file
2024-08-14 15:56:08,040 - INFO - Program execution ended
2024-08-14 16:17:23,464 - INFO - Starting the program
2024-08-14 16:17:23,465 - INFO - Configuration loaded
2024-08-14 16:17:23,466 - INFO - Loaded 2499 users from file
2024-08-14 16:17:23,466 - INFO - Starting from index 100
2024-08-14 16:17:23,467 - CRITICAL - Critical error occurred: unable to open database file
2024-08-14 16:17:23,467 - INFO - Program execution ended
2024-08-14 16:19:26,471 - INFO - Starting the program
2024-08-14 16:19:26,473 - INFO - Configuration loaded
2024-08-14 16:19:26,473 - INFO - Loaded 2499 users from file
2024-08-14 16:19:26,474 - INFO - Starting from index 100
2024-08-14 16:19:26,475 - CRITICAL - Critical error occurred: unable to open database file
2024-08-14 16:19:26,475 - INFO - Program execution ended
2024-08-14 16:27:46,306 - INFO - Starting the program
2024-08-14 16:27:46,308 - INFO - Configuration loaded
2024-08-14 16:27:46,311 - INFO - Loaded 2499 users from file
2024-08-14 16:27:46,312 - INFO - Starting from index 100
2024-08-14 16:27:46,315 - CRITICAL - Critical error occurred: unable to open database file
2024-08-14 16:27:46,315 - INFO - Program execution ended
2024-08-14 16:33:32,771 - INFO - Starting the program
2024-08-14 16:33:32,774 - INFO - Configuration loaded
2024-08-14 16:33:32,777 - INFO - Loaded 2499 users from file
2024-08-14 16:33:32,778 - INFO - Starting from index 100
2024-08-14 16:33:32,778 - INFO - Using session file: C:\Users\User\Desktop\Invite_UsersChannel\Invitation-Users-Telegram-Channel\sessionData\session_name.session
2024-08-14 16:33:32,781 - ERROR - Error creating TelegramClient: unable to open database file
2024-08-14 16:33:32,782 - CRITICAL - Critical error occurred: unable to open database file
2024-08-14 16:33:32,782 - INFO - Program execution ended
2024-08-14 16:38:09,303 - INFO - Starting the program
2024-08-14 16:38:09,304 - INFO - Configuration loaded
2024-08-14 16:38:09,305 - INFO - Loaded 2499 users from file
2024-08-14 16:38:09,305 - INFO - Starting from index 100
2024-08-14 16:38:09,306 - INFO - Using session file: C:\Users\User\Desktop\Invite_UsersChannel\Invitation-Users-Telegram-Channel\sessionData\session_name.session
2024-08-14 16:38:09,459 - INFO - TelegramClient instance created successfully
2024-08-14 16:38:09,460 - INFO - Connecting to 149.154.167.51:443/TcpFull...
2024-08-14 16:38:11,359 - INFO - Connection to 149.154.167.51:443/TcpFull complete!
2024-08-14 16:38:57,570 - INFO - Client started successfully
2024-08-14 16:38:57,571 - INFO - Telegram client started
2024-08-14 16:40:06,478 - INFO - Program execution ended
2024-08-14 16:49:04,846 - INFO - Starting the program
2024-08-14 16:49:09,854 - INFO - Configuration loaded
2024-08-14 16:49:14,858 - INFO - Loaded 2499 users from file
2024-08-14 16:49:14,859 - INFO - Starting from index 100
2024-08-14 16:49:14,860 - INFO - Using session file: C:\Users\User\Desktop\Invite_UsersChannel\Invitation-Users-Telegram-Channel\sessionData\session_name.session
2024-08-14 16:49:14,974 - INFO - TelegramClient instance created successfully
2024-08-14 16:49:14,975 - INFO - Connecting to 149.154.167.51:443/TcpFull...
2024-08-14 16:49:15,025 - INFO - Connection to 149.154.167.51:443/TcpFull complete!
2024-08-14 16:49:15,629 - INFO - Client started successfully
2024-08-14 16:49:15,630 - INFO - Telegram client started
2024-08-14 16:49:49,804 - INFO - Program execution ended
2024-08-14 16:52:24,821 - INFO - Starting the program
2024-08-14 16:52:29,834 - INFO - Configuration loaded
2024-08-14 16:52:34,852 - INFO - Loaded 2499 users from file
2024-08-14 16:52:34,854 - INFO - Starting from index 100
2024-08-14 16:52:34,854 - INFO - Using session file: C:\Users\User\Desktop\Invite_UsersChannel\Invitation-Users-Telegram-Channel\sessionData\session_name.session
2024-08-14 16:52:34,925 - INFO - TelegramClient instance created successfully
2024-08-14 16:52:34,925 - INFO - Connecting to 149.154.167.51:443/TcpFull...
2024-08-14 16:52:34,966 - INFO - Connection to 149.154.167.51:443/TcpFull complete!
2024-08-14 16:52:35,255 - INFO - Client started successfully
2024-08-14 16:52:35,256 - INFO - Telegram client started
2024-08-14 16:53:08,851 - INFO - Program execution ended
